<?xml version="1.0" encoding="UTF-8"?>
<!-- Generated by org.testng.reporters.JUnitReportReporter -->
<testsuite hostname="DESKTOP-01T6LE9" failures="0" tests="1" name="com.testclass.Tc01_Verify_Login_functionality" time="13.603" errors="0" timestamp="2022-10-12T12:00:09 IST" skipped="0">
  <testcase classname="com.testclass.Tc01_Verify_Login_functionality" name="verifyLoginFunctionality" time="13.603"/>
  <system-out/>
</testsuite> <!-- com.testclass.Tc01_Verify_Login_functionality -->
