<?xml version="1.0" encoding="UTF-8"?>
<!-- Generated by org.testng.reporters.JUnitReportReporter -->
<testsuite hostname="DESKTOP-01T6LE9" failures="0" tests="1" name="com.testclass.Tc04_Verifyallproductcartbutton" time="5.439" errors="0" timestamp="2022-10-12T12:00:09 IST" skipped="0">
  <testcase classname="com.testclass.Tc04_Verifyallproductcartbutton" name="verifyallproductfunctionality" time="5.439"/>
  <system-out/>
</testsuite> <!-- com.testclass.Tc04_Verifyallproductcartbutton -->
