<?xml version="1.0" encoding="UTF-8"?>
<!-- Generated by org.testng.reporters.JUnitReportReporter -->
<testsuite hostname="DESKTOP-01T6LE9" failures="0" tests="1" name="com.testclass.Tc03_Verifyoneaddtocartbuttonfunctionilty" time="5.934" errors="0" timestamp="2022-10-12T12:00:09 IST" skipped="0">
  <testcase classname="com.testclass.Tc03_Verifyoneaddtocartbuttonfunctionilty" name="verifyproductfunctionality" time="5.934"/>
  <system-out/>
</testsuite> <!-- com.testclass.Tc03_Verifyoneaddtocartbuttonfunctionilty -->
